
==============STA1:: 20231015-233343 : ===============================
--- showing Tree , Sizes, Structure of . : ----
for full cmds/arguments see below at the end of this printing!

============================= df :
Filesystem      Size  Used Avail Use% Mounted on
/dev/sda3        49G   14G   34G  29% /

============================= ll :
total 32
drwxrwxr-x  8 u1   gu1  4096 Oct 15 18:45 .
drwxr-xr-x 20 root root 4096 Sep 30 17:20 ..
lrwxrwxrwx  1 u1   gu1     7 Oct  5  2022 .cev -> ./.ev13
drwxrwxr-x 11 u1   gu1  4096 Sep 25  2022 etcu
drwxrwxr-x  4 u1   gu1  4096 Oct 15 23:07 .ev13
drwxrwxr-x  9 u1   gu1  4096 Oct  1 12:25 media
drwxrwx---  5 u1   gu1  4096 Jan 23  2023 mesfs
drwxrwxr-x  4 u1   gu1  4096 Jun 29  2021 mnt
lrwxrwxrwx  1 u1   gu1    17 Oct  4  2022 optu -> ./mnt/VARUfs/optu
drwxrwxr-x  2 u1   gu1  4096 Oct 15 21:30 prjs
lrwxrwxrwx  1 u1   gu1    16 Sep 23  2022 t1 -> ./mnt/T1fs/t1_RF
lrwxrwxrwx  1 u1   gu1    17 Oct  4  2022 varu -> ./mnt/VARUfs/varu
lrwxrwxrwx  1 u1   gu1    22 Sep 23  2022 w1 -> ./mnt/T1fs/t1_RF/w1_RF

============================= du :
1	./etcu
1	./etcu/1apps-etc
1	./etcu/1prjs-etc
1	./etcu/etcau
1	./etcu/etcg1
1	./etcu/etcm1
1	./etcu/etcmd1
1	./etcu/etcroot
1	./etcu/etct1
1	./etcu/etcu1
1	./.ev13
1	./.ev13/bin
1	./.ev13/etc
1	./media
1	./media/BUPS1MD1
1	./media/HDD11
1	./media/MED1_RF
1	./media/MPs_RF
1	./media/MVPs_RF
1	./media/tx_BP
1	./media/tx_RF
1	./mesfs
1	./mesfs/mesp1
1	./mesfs/mesp3
1	./mesfs/mespx
1	./prjs
2929	./mnt/VARUfs
19281	./mnt/T1fs
22210	.
22210	./mnt

============================= tree-1 :
.
├── etcu
├── media
├── mesfs
├── mnt
├── optu -> ./mnt/VARUfs/optu
├── prjs
├── t1 -> ./mnt/T1fs/t1_RF
├── varu -> ./mnt/VARUfs/varu
└── w1 -> ./mnt/T1fs/t1_RF/w1_RF

10 directories

============================= tree-2 :
.
├── etcu
│   ├── 1apps-etc
│   ├── 1prjs-etc
│   ├── etcau
│   ├── etcg1
│   ├── etcm1
│   ├── etcmd1
│   ├── etcroot
│   ├── etct1
│   └── etcu1
├── media
│   ├── BUPS1MD1
│   ├── HDD11
│   ├── MED1_RF
│   ├── MPs_RF
│   ├── MVPs_RF
│   ├── tx_BP
│   └── tx_RF
├── mesfs
│   ├── mesp1
│   ├── mesp3
│   └── mespx
├── mnt
│   ├── T1fs
│   └── VARUfs
├── optu -> ./mnt/VARUfs/optu
├── prjs
│   ├── ofc1 -> ../varu/varau/prjs/ofc1
│   └── py1 -> ../varu/varau/prjs/py1
├── t1 -> ./mnt/T1fs/t1_RF
├── varu -> ./mnt/VARUfs/varu
└── w1 -> ./mnt/T1fs/t1_RF/w1_RF

33 directories

============================= tree-3 :
.
├── etcu
│   ├── 1apps-etc
│   ├── 1prjs-etc
│   ├── etcau
│   │   └── config
│   ├── etcg1
│   ├── etcm1  [error opening dir]
│   ├── etcmd1  [error opening dir]
│   ├── etcroot
│   ├── etct1
│   └── etcu1
├── media
│   ├── BUPS1MD1
│   ├── HDD11
│   ├── MED1_RF
│   ├── MPs_RF
│   ├── MVPs_RF
│   ├── tx_BP
│   └── tx_RF
├── mesfs
│   ├── mesp1
│   │   ├── lost+found
│   │   └── MEs
│   ├── mesp3  [error opening dir]
│   └── mespx
├── mnt
│   ├── T1fs
│   │   └── t1_RF
│   └── VARUfs
│       ├── home
│       ├── optu
│       └── varu
├── optu -> ./mnt/VARUfs/optu
├── prjs
│   ├── ofc1 -> ../varu/varau/prjs/ofc1
│   └── py1 -> ../varu/varau/prjs/py1
├── t1 -> ./mnt/T1fs/t1_RF
├── varu -> ./mnt/VARUfs/varu
└── w1 -> ./mnt/T1fs/t1_RF/w1_RF

40 directories

============================= tree-4 :
.
├── etcu
│   ├── 1apps-etc
│   ├── 1prjs-etc
│   ├── etcau
│   │   └── config
│   │       └── xfce4
│   ├── etcg1
│   ├── etcm1  [error opening dir]
│   ├── etcmd1  [error opening dir]
│   ├── etcroot
│   ├── etct1
│   └── etcu1
├── media
│   ├── BUPS1MD1
│   ├── HDD11
│   ├── MED1_RF
│   ├── MPs_RF
│   ├── MVPs_RF
│   ├── tx_BP
│   └── tx_RF
├── mesfs
│   ├── mesp1
│   │   ├── lost+found  [error opening dir]
│   │   └── MEs  [error opening dir]
│   ├── mesp3  [error opening dir]
│   └── mespx
├── mnt
│   ├── T1fs
│   │   └── t1_RF
│   │       ├── mms1_P1
│   │       ├── nps
│   │       ├── packs
│   │       ├── sy1
│   │       ├── t1var
│   │       ├── varau
│   │       └── w1_RF
│   └── VARUfs
│       ├── home
│       │   ├── g1
│       │   ├── m1
│       │   ├── r1
│       │   ├── t1
│       │   └── u1
│       ├── optu
│       └── varu
│           ├── os1var
│           ├── varau
│           ├── varm1
│           ├── varroot
│           └── varu1
├── optu -> ./mnt/VARUfs/optu
├── prjs
│   ├── ofc1 -> ../varu/varau/prjs/ofc1
│   └── py1 -> ../varu/varau/prjs/py1
├── t1 -> ./mnt/T1fs/t1_RF
├── varu -> ./mnt/VARUfs/varu
└── w1 -> ./mnt/T1fs/t1_RF/w1_RF

58 directories

============================= commands/script-lines executed were:
#!/bin/bash
##-- printing tree+status+sizes+...  of a Dir/Partition/...
##__  set -u

export startDir1="${1:?USAGE:  $0  <start-dir-to-log-trees-and-status>  [more-tree-args/flags, but ALL-as-ONE-word!]}"
##--more tree args/params/flags, but all together as one word! eg: "-xl --noreport"
flags2="" ;
:  ${flags2:=$2}


df -h  "$startDir1"

ls -la  "$startDir1"

du -m -d2 "$startDir1"  | sort -n

tree -d -L 1  $flags2  "$startDir1"

tree -d -L 2  $flags2  "$startDir1"

tree -d -L 3  $flags2  "$startDir1"

tree -d -L 4  $flags2  "$startDir1"




==============END1:: 20231015-233344 : ===============================

#####  ==========   more-tree-params--l ========== 20231015-233436 : =====================__________

==============STA1:: 20231015-233508 : ===============================
--- showing Tree , Sizes, Structure of . : ----
for full cmds/arguments see below at the end of this printing!

============================= df :
Filesystem      Size  Used Avail Use% Mounted on
/dev/sda3        49G   14G   34G  29% /

============================= ll :
total 32
drwxrwxr-x  8 u1   gu1  4096 Oct 15 18:45 .
drwxr-xr-x 20 root root 4096 Sep 30 17:20 ..
lrwxrwxrwx  1 u1   gu1     7 Oct  5  2022 .cev -> ./.ev13
drwxrwxr-x 11 u1   gu1  4096 Sep 25  2022 etcu
drwxrwxr-x  4 u1   gu1  4096 Oct 15 23:07 .ev13
drwxrwxr-x  9 u1   gu1  4096 Oct  1 12:25 media
drwxrwx---  5 u1   gu1  4096 Jan 23  2023 mesfs
drwxrwxr-x  4 u1   gu1  4096 Jun 29  2021 mnt
lrwxrwxrwx  1 u1   gu1    17 Oct  4  2022 optu -> ./mnt/VARUfs/optu
drwxrwxr-x  2 u1   gu1  4096 Oct 15 21:30 prjs
lrwxrwxrwx  1 u1   gu1    16 Sep 23  2022 t1 -> ./mnt/T1fs/t1_RF
lrwxrwxrwx  1 u1   gu1    17 Oct  4  2022 varu -> ./mnt/VARUfs/varu
lrwxrwxrwx  1 u1   gu1    22 Sep 23  2022 w1 -> ./mnt/T1fs/t1_RF/w1_RF

============================= du :
1	./etcu
1	./etcu/1apps-etc
1	./etcu/1prjs-etc
1	./etcu/etcau
1	./etcu/etcg1
1	./etcu/etcm1
1	./etcu/etcmd1
1	./etcu/etcroot
1	./etcu/etct1
1	./etcu/etcu1
1	./.ev13
1	./.ev13/bin
1	./.ev13/etc
1	./media
1	./media/BUPS1MD1
1	./media/HDD11
1	./media/MED1_RF
1	./media/MPs_RF
1	./media/MVPs_RF
1	./media/tx_BP
1	./media/tx_RF
1	./mesfs
1	./mesfs/mesp1
1	./mesfs/mesp3
1	./mesfs/mespx
1	./prjs
2929	./mnt/VARUfs
19281	./mnt/T1fs
22210	.
22210	./mnt

============================= tree-1 :
.
├── etcu
├── media
├── mesfs
├── mnt
├── optu -> ./mnt/VARUfs/optu
├── prjs
├── t1 -> ./mnt/T1fs/t1_RF
├── varu -> ./mnt/VARUfs/varu
└── w1 -> ./mnt/T1fs/t1_RF/w1_RF

10 directories

============================= tree-2 :
.
├── etcu
│   ├── 1apps-etc
│   ├── 1prjs-etc
│   ├── etcau
│   ├── etcg1
│   ├── etcm1
│   ├── etcmd1
│   ├── etcroot
│   ├── etct1
│   └── etcu1
├── media
│   ├── BUPS1MD1
│   ├── HDD11
│   ├── MED1_RF
│   ├── MPs_RF
│   ├── MVPs_RF
│   ├── tx_BP
│   └── tx_RF
├── mesfs
│   ├── mesp1
│   ├── mesp3
│   └── mespx
├── mnt
│   ├── T1fs
│   └── VARUfs
├── optu -> ./mnt/VARUfs/optu
├── prjs
│   ├── ofc1 -> ../varu/varau/prjs/ofc1
│   └── py1 -> ../varu/varau/prjs/py1
├── t1 -> ./mnt/T1fs/t1_RF
│   ├── mms1_P1
│   ├── nps
│   ├── packs
│   ├── sy1
│   ├── t1var
│   ├── varau
│   └── w1_RF
├── varu -> ./mnt/VARUfs/varu
│   ├── os1var
│   ├── varau
│   ├── varm1
│   ├── varroot
│   └── varu1
└── w1 -> ./mnt/T1fs/t1_RF/w1_RF  [recursive, not followed]

45 directories

============================= tree-3 :
.
├── etcu
│   ├── 1apps-etc
│   ├── 1prjs-etc
│   ├── etcau
│   │   └── config
│   ├── etcg1
│   ├── etcm1  [error opening dir]
│   ├── etcmd1  [error opening dir]
│   ├── etcroot
│   ├── etct1
│   └── etcu1
├── media
│   ├── BUPS1MD1
│   ├── HDD11
│   ├── MED1_RF
│   ├── MPs_RF
│   ├── MVPs_RF
│   ├── tx_BP
│   └── tx_RF
├── mesfs
│   ├── mesp1
│   │   ├── lost+found
│   │   └── MEs
│   ├── mesp3  [error opening dir]
│   └── mespx
├── mnt
│   ├── T1fs
│   │   └── t1_RF
│   └── VARUfs
│       ├── home
│       ├── optu
│       └── varu
├── optu -> ./mnt/VARUfs/optu  [recursive, not followed]
├── prjs
│   ├── ofc1 -> ../varu/varau/prjs/ofc1
│   │   ├── apps
│   │   ├── bin
│   │   ├── bm1_links
│   │   ├── cases
│   │   ├── docs
│   │   ├── docsvar
│   │   ├── etc
│   │   ├── libs
│   │   ├── nts
│   │   ├── tests
│   │   ├── tmp
│   │   ├── utils
│   │   ├── wks
│   │   └── wpads
│   └── py1 -> ../varu/varau/prjs/py1
│       ├── apps
│       ├── bin
│       ├── bm1_links
│       ├── cases
│       ├── docs
│       ├── etc
│       ├── libs
│       ├── nts
│       ├── tests
│       ├── tmp
│       ├── utils
│       ├── wks
│       └── wpads
├── t1 -> ./mnt/T1fs/t1_RF  [recursive, not followed]
├── varu -> ./mnt/VARUfs/varu  [recursive, not followed]
└── w1 -> ./mnt/T1fs/t1_RF/w1_RF
    ├── BKs1_RF
    │   └── BKs1_IT
    ├── dc1K
    │   ├── 0Arc_dc1K
    │   ├── Devc-Docs
    │   ├── dres
    │   ├── Infs1
    │   ├── Infs1_1kk
    │   ├── L1NWs
    │   ├── ProgsRes_CP
    │   └── WPads_All
    ├── dcAL
    │   ├── Bau-Haus-HandWerks_dc
    │   ├── Dansies_dc
    │   ├── Fahrrads-Bikes_dc
    │   ├── Fits-Sports_dc
    │   ├── Geographics_dc
    │   ├── Gesundies_dc
    │   ├── Immos1_dc
    │   ├── Lifies_dc
    │   ├── Pfl1-Gartens-Pflanzen_dc
    │   └── Tiere1_kg1_dc
    └── dcIT
        ├── Ad1_dc
        ├── Certs_dc
        ├── Clouds_dc
        ├── CTs
        ├── DevOps-BuildCfgMgm_dc
        ├── HWs-PCs-Allg_dc
        ├── IoTs_dc
        ├── LxCmdsUtils_dc
        ├── LxOSs_dc
        ├── LxSHs_dc
        ├── MDs-rst-DocsGens
        ├── MS_dc
        ├── NWs_dc
        ├── Py_dc
        ├── Stds_ISOs_dc
        ├── TestingsQA_teq_dc
        ├── Utils-SWs_dc
        └── WebTech_dc

108 directories

============================= tree-4 :
.
├── etcu
│   ├── 1apps-etc
│   ├── 1prjs-etc
│   ├── etcau
│   │   └── config
│   │       └── xfce4
│   ├── etcg1
│   ├── etcm1  [error opening dir]
│   ├── etcmd1  [error opening dir]
│   ├── etcroot
│   ├── etct1
│   └── etcu1
├── media
│   ├── BUPS1MD1
│   ├── HDD11
│   ├── MED1_RF
│   ├── MPs_RF
│   ├── MVPs_RF
│   ├── tx_BP
│   └── tx_RF
├── mesfs
│   ├── mesp1
│   │   ├── lost+found  [error opening dir]
│   │   └── MEs  [error opening dir]
│   ├── mesp3  [error opening dir]
│   └── mespx
├── mnt
│   ├── T1fs
│   │   └── t1_RF
│   │       ├── mms1_P1
│   │       ├── nps
│   │       ├── packs
│   │       ├── sy1
│   │       ├── t1var
│   │       ├── varau
│   │       └── w1_RF
│   └── VARUfs
│       ├── home
│       │   ├── g1
│       │   ├── m1
│       │   ├── r1
│       │   ├── t1
│       │   └── u1
│       ├── optu
│       └── varu
│           ├── os1var
│           ├── varau
│           ├── varm1
│           ├── varroot
│           └── varu1
├── optu -> ./mnt/VARUfs/optu  [recursive, not followed]
├── prjs
│   ├── ofc1 -> ../varu/varau/prjs/ofc1
│   │   ├── apps
│   │   ├── bin
│   │   ├── bm1_links
│   │   ├── cases
│   │   ├── docs
│   │   ├── docsvar
│   │   ├── etc
│   │   ├── libs
│   │   ├── nts
│   │   ├── tests
│   │   ├── tmp
│   │   ├── utils
│   │   ├── wks
│   │   └── wpads
│   └── py1 -> ../varu/varau/prjs/py1
│       ├── apps
│       ├── bin
│       ├── bm1_links
│       ├── cases
│       ├── docs
│       ├── etc
│       ├── libs
│       ├── nts
│       ├── tests
│       ├── tmp
│       ├── utils
│       ├── wks
│       └── wpads
├── t1 -> ./mnt/T1fs/t1_RF  [recursive, not followed]
├── varu -> ./mnt/VARUfs/varu  [recursive, not followed]
└── w1 -> ./mnt/T1fs/t1_RF/w1_RF  [recursive, not followed]

85 directories

============================= commands/script-lines executed were:
#!/bin/bash
##-- printing tree+status+sizes+...  of a Dir/Partition/...
##__  set -u

export startDir1="${1:?USAGE:  $0  <start-dir-to-log-trees-and-status>  [more-tree-args/flags, but ALL-as-ONE-word!]}"
##--more tree args/params/flags, but all together as one word! eg: "-xl --noreport"
flags2="" ;
:  ${flags2:=$2}


df -h  "$startDir1"

ls -la  "$startDir1"

du -m -d2 "$startDir1"  | sort -n

tree -d -L 1  $flags2  "$startDir1"

tree -d -L 2  $flags2  "$startDir1"

tree -d -L 3  $flags2  "$startDir1"

tree -d -L 4  $flags2  "$startDir1"




==============END1:: 20231015-233509 : ===============================

#####  ==========   more-tree-params--if ========== 20231015-233518 : =====================__________

==============STA1:: 20231015-233526 : ===============================
--- showing Tree , Sizes, Structure of . : ----
for full cmds/arguments see below at the end of this printing!

============================= df :
Filesystem      Size  Used Avail Use% Mounted on
/dev/sda3        49G   14G   34G  29% /

============================= ll :
total 32
drwxrwxr-x  8 u1   gu1  4096 Oct 15 18:45 .
drwxr-xr-x 20 root root 4096 Sep 30 17:20 ..
lrwxrwxrwx  1 u1   gu1     7 Oct  5  2022 .cev -> ./.ev13
drwxrwxr-x 11 u1   gu1  4096 Sep 25  2022 etcu
drwxrwxr-x  4 u1   gu1  4096 Oct 15 23:07 .ev13
drwxrwxr-x  9 u1   gu1  4096 Oct  1 12:25 media
drwxrwx---  5 u1   gu1  4096 Jan 23  2023 mesfs
drwxrwxr-x  4 u1   gu1  4096 Jun 29  2021 mnt
lrwxrwxrwx  1 u1   gu1    17 Oct  4  2022 optu -> ./mnt/VARUfs/optu
drwxrwxr-x  2 u1   gu1  4096 Oct 15 21:30 prjs
lrwxrwxrwx  1 u1   gu1    16 Sep 23  2022 t1 -> ./mnt/T1fs/t1_RF
lrwxrwxrwx  1 u1   gu1    17 Oct  4  2022 varu -> ./mnt/VARUfs/varu
lrwxrwxrwx  1 u1   gu1    22 Sep 23  2022 w1 -> ./mnt/T1fs/t1_RF/w1_RF

============================= du :
1	./etcu
1	./etcu/1apps-etc
1	./etcu/1prjs-etc
1	./etcu/etcau
1	./etcu/etcg1
1	./etcu/etcm1
1	./etcu/etcmd1
1	./etcu/etcroot
1	./etcu/etct1
1	./etcu/etcu1
1	./.ev13
1	./.ev13/bin
1	./.ev13/etc
1	./media
1	./media/BUPS1MD1
1	./media/HDD11
1	./media/MED1_RF
1	./media/MPs_RF
1	./media/MVPs_RF
1	./media/tx_BP
1	./media/tx_RF
1	./mesfs
1	./mesfs/mesp1
1	./mesfs/mesp3
1	./mesfs/mespx
1	./prjs
2929	./mnt/VARUfs
19281	./mnt/T1fs
22210	.
22210	./mnt

============================= tree-1 :
.
./etcu
./media
./mesfs
./mnt
./optu -> ./mnt/VARUfs/optu
./prjs
./t1 -> ./mnt/T1fs/t1_RF
./varu -> ./mnt/VARUfs/varu
./w1 -> ./mnt/T1fs/t1_RF/w1_RF

10 directories

============================= tree-2 :
.
./etcu
./etcu/1apps-etc
./etcu/1prjs-etc
./etcu/etcau
./etcu/etcg1
./etcu/etcm1
./etcu/etcmd1
./etcu/etcroot
./etcu/etct1
./etcu/etcu1
./media
./media/BUPS1MD1
./media/HDD11
./media/MED1_RF
./media/MPs_RF
./media/MVPs_RF
./media/tx_BP
./media/tx_RF
./mesfs
./mesfs/mesp1
./mesfs/mesp3
./mesfs/mespx
./mnt
./mnt/T1fs
./mnt/VARUfs
./optu -> ./mnt/VARUfs/optu
./prjs
./prjs/ofc1 -> ../varu/varau/prjs/ofc1
./prjs/py1 -> ../varu/varau/prjs/py1
./t1 -> ./mnt/T1fs/t1_RF
./varu -> ./mnt/VARUfs/varu
./w1 -> ./mnt/T1fs/t1_RF/w1_RF

33 directories

============================= tree-3 :
.
./etcu
./etcu/1apps-etc
./etcu/1prjs-etc
./etcu/etcau
./etcu/etcau/config
./etcu/etcg1
./etcu/etcm1  [error opening dir]
./etcu/etcmd1  [error opening dir]
./etcu/etcroot
./etcu/etct1
./etcu/etcu1
./media
./media/BUPS1MD1
./media/HDD11
./media/MED1_RF
./media/MPs_RF
./media/MVPs_RF
./media/tx_BP
./media/tx_RF
./mesfs
./mesfs/mesp1
./mesfs/mesp1/lost+found
./mesfs/mesp1/MEs
./mesfs/mesp3  [error opening dir]
./mesfs/mespx
./mnt
./mnt/T1fs
./mnt/T1fs/t1_RF
./mnt/VARUfs
./mnt/VARUfs/home
./mnt/VARUfs/optu
./mnt/VARUfs/varu
./optu -> ./mnt/VARUfs/optu
./prjs
./prjs/ofc1 -> ../varu/varau/prjs/ofc1
./prjs/py1 -> ../varu/varau/prjs/py1
./t1 -> ./mnt/T1fs/t1_RF
./varu -> ./mnt/VARUfs/varu
./w1 -> ./mnt/T1fs/t1_RF/w1_RF

40 directories

============================= tree-4 :
.
./etcu
./etcu/1apps-etc
./etcu/1prjs-etc
./etcu/etcau
./etcu/etcau/config
./etcu/etcau/config/xfce4
./etcu/etcg1
./etcu/etcm1  [error opening dir]
./etcu/etcmd1  [error opening dir]
./etcu/etcroot
./etcu/etct1
./etcu/etcu1
./media
./media/BUPS1MD1
./media/HDD11
./media/MED1_RF
./media/MPs_RF
./media/MVPs_RF
./media/tx_BP
./media/tx_RF
./mesfs
./mesfs/mesp1
./mesfs/mesp1/lost+found  [error opening dir]
./mesfs/mesp1/MEs  [error opening dir]
./mesfs/mesp3  [error opening dir]
./mesfs/mespx
./mnt
./mnt/T1fs
./mnt/T1fs/t1_RF
./mnt/T1fs/t1_RF/mms1_P1
./mnt/T1fs/t1_RF/nps
./mnt/T1fs/t1_RF/packs
./mnt/T1fs/t1_RF/sy1
./mnt/T1fs/t1_RF/t1var
./mnt/T1fs/t1_RF/varau
./mnt/T1fs/t1_RF/w1_RF
./mnt/VARUfs
./mnt/VARUfs/home
./mnt/VARUfs/home/g1
./mnt/VARUfs/home/m1
./mnt/VARUfs/home/r1
./mnt/VARUfs/home/t1
./mnt/VARUfs/home/u1
./mnt/VARUfs/optu
./mnt/VARUfs/varu
./mnt/VARUfs/varu/os1var
./mnt/VARUfs/varu/varau
./mnt/VARUfs/varu/varm1
./mnt/VARUfs/varu/varroot
./mnt/VARUfs/varu/varu1
./optu -> ./mnt/VARUfs/optu
./prjs
./prjs/ofc1 -> ../varu/varau/prjs/ofc1
./prjs/py1 -> ../varu/varau/prjs/py1
./t1 -> ./mnt/T1fs/t1_RF
./varu -> ./mnt/VARUfs/varu
./w1 -> ./mnt/T1fs/t1_RF/w1_RF

58 directories

============================= commands/script-lines executed were:
#!/bin/bash
##-- printing tree+status+sizes+...  of a Dir/Partition/...
##__  set -u

export startDir1="${1:?USAGE:  $0  <start-dir-to-log-trees-and-status>  [more-tree-args/flags, but ALL-as-ONE-word!]}"
##--more tree args/params/flags, but all together as one word! eg: "-xl --noreport"
flags2="" ;
:  ${flags2:=$2}


df -h  "$startDir1"

ls -la  "$startDir1"

du -m -d2 "$startDir1"  | sort -n

tree -d -L 1  $flags2  "$startDir1"

tree -d -L 2  $flags2  "$startDir1"

tree -d -L 3  $flags2  "$startDir1"

tree -d -L 4  $flags2  "$startDir1"




==============END1:: 20231015-233527 : ===============================
