2023-10-01T13:32:04 CEST
2209arx
Linux 2209arx 6.5.5-arch1-1 #1 SMP PREEMPT_DYNAMIC Sat, 23 Sep 2023 22:55:13 +0000 x86_64 GNU/Linux



==================== 20231001_133204 : ===============================
============ l1nw-trees/Dirs in 3 formats and each 4 Levels: =====================
     tree-levels-formatted +  tree-levels-unformatted/pathLine [+ out-commented: find -type d ] of: 
     /up1/   /up1/varu/   /up1/t1/  
___ for now:  out-commented find listing: find -type d ,and excluded w1_* in tree-logging! ___


_________________ Trees formatted in several levels:  _______________
______________________________________________________________________

#################  /up1/ in 4 tree-levels-formatted : ###################
================== Level 1 /up1/ :
.
├── .cev -> ./.ev13
├── etcu
├── .ev13
├── media
├── mesfs
├── mnt
├── optu -> ./mnt/VARUfs/optu
├── prjs
├── t1 -> ./mnt/T1fs/t1_RF
├── varu -> ./mnt/VARUfs/varu
└── w1 -> ./mnt/T1fs/t1_RF/w1_RF

12 directories
================== Level 2 /up1/ :
.
├── .cev -> ./.ev13
├── etcu
│   ├── 1apps-etc
│   ├── 1prjs-etc
│   ├── etcau
│   ├── etcg1
│   ├── etcm1
│   ├── etcmd1
│   ├── etcroot
│   ├── etct1
│   └── etcu1
├── .ev13
│   ├── bin
│   └── etc
├── media
│   ├── BUPS1MD1
│   ├── HDD11
│   ├── MED1_RF
│   ├── MPs_RF
│   ├── MVPs_RF
│   ├── tx_BP
│   └── tx_RF
├── mesfs
│   ├── mesp1
│   ├── mesp3
│   └── mespx
├── mnt
│   ├── T1fs
│   └── VARUfs
├── optu -> ./mnt/VARUfs/optu
├── prjs
│   └── py1 -> /up1/varu/varau/prjs/py1
├── t1 -> ./mnt/T1fs/t1_RF
├── varu -> ./mnt/VARUfs/varu
└── w1 -> ./mnt/T1fs/t1_RF/w1_RF

36 directories
================== Level 3 /up1/ :
.
├── .cev -> ./.ev13
├── etcu
│   ├── 1apps-etc
│   ├── 1prjs-etc
│   ├── etcau
│   │   └── config
│   ├── etcg1
│   ├── etcm1  [error opening dir]
│   ├── etcmd1  [error opening dir]
│   ├── etcroot
│   ├── etct1
│   └── etcu1
├── .ev13
│   ├── bin
│   │   ├── 0more
│   │   └── 0tr
│   └── etc
│       ├── 0tr
│       ├── etcd
│       ├── prjsprof
│       └── skels
├── media
│   ├── BUPS1MD1
│   ├── HDD11
│   ├── MED1_RF
│   ├── MPs_RF
│   ├── MVPs_RF
│   ├── tx_BP
│   └── tx_RF
├── mesfs
│   ├── mesp1  [error opening dir]
│   ├── mesp3  [error opening dir]
│   └── mespx
├── mnt
│   ├── T1fs
│   └── VARUfs
│       ├── home
│       ├── optu
│       └── varu
├── optu -> ./mnt/VARUfs/optu
├── prjs
│   └── py1 -> /up1/varu/varau/prjs/py1
├── t1 -> ./mnt/T1fs/t1_RF
├── varu -> ./mnt/VARUfs/varu
└── w1 -> ./mnt/T1fs/t1_RF/w1_RF

46 directories
================== Level 4 /up1/ :
.
├── .cev -> ./.ev13
├── etcu
│   ├── 1apps-etc
│   ├── 1prjs-etc
│   ├── etcau
│   │   └── config
│   │       └── xfce4
│   ├── etcg1
│   ├── etcm1  [error opening dir]
│   ├── etcmd1  [error opening dir]
│   ├── etcroot
│   ├── etct1
│   └── etcu1
├── .ev13
│   ├── bin
│   │   ├── 0more
│   │   └── 0tr
│   │       └── 230425-sedBups-foldingMarkersNew
│   └── etc
│       ├── 0tr
│       ├── etcd
│       ├── prjsprof
│       └── skels
├── media
│   ├── BUPS1MD1
│   ├── HDD11
│   ├── MED1_RF
│   ├── MPs_RF
│   ├── MVPs_RF
│   ├── tx_BP
│   └── tx_RF
├── mesfs
│   ├── mesp1  [error opening dir]
│   ├── mesp3  [error opening dir]
│   └── mespx
├── mnt
│   ├── T1fs
│   └── VARUfs
│       ├── home
│       │   ├── g1
│       │   ├── m1
│       │   ├── r1
│       │   ├── t1
│       │   └── u1
│       ├── optu
│       └── varu
│           ├── os1var
│           ├── varau
│           ├── varm1
│           ├── varroot
│           └── varu1
├── optu -> ./mnt/VARUfs/optu
├── prjs
│   └── py1 -> /up1/varu/varau/prjs/py1
├── t1 -> ./mnt/T1fs/t1_RF
├── varu -> ./mnt/VARUfs/varu
└── w1 -> ./mnt/T1fs/t1_RF/w1_RF

58 directories
#################  /up1/varu/ in 4 tree-levels-formatted : ###################
================== Level 1 /up1/varu/ :
.
├── os1var
├── varau
├── varm1
├── varroot
└── varu1

6 directories
================== Level 2 /up1/varu/ :
.
├── os1var
├── varau
│   ├── 0tr
│   ├── appsvar
│   ├── arxvar
│   ├── bups1_loc
│   ├── danssvar
│   ├── develsvar
│   ├── g1s
│   ├── mesvar
│   ├── mpsvar
│   ├── packsvar
│   ├── prjs
│   ├── py1var
│   ├── syysvar
│   ├── tests
│   ├── tmp
│   ├── unp1
│   ├── wgets_DWs
│   └── wks
├── varm1
├── varroot
└── varu1

24 directories
================== Level 3 /up1/varu/ :
.
├── os1var
├── varau
│   ├── 0tr
│   ├── appsvar
│   │   └── goldendict-home1
│   ├── arxvar
│   ├── bups1_loc
│   │   └── unp1
│   ├── danssvar
│   ├── develsvar
│   ├── g1s
│   ├── mesvar
│   ├── mpsvar
│   ├── packsvar
│   ├── prjs
│   │   └── py1
│   ├── py1var
│   │   ├── 0pycs
│   │   └── PycharmProjects
│   ├── syysvar
│   ├── tests
│   │   ├── CT-TOCs-2023
│   │   ├── d11
│   │   ├── ev1
│   │   ├── gb12
│   │   ├── gt1
│   │   └── pyd1
│   ├── tmp
│   ├── unp1
│   ├── wgets_DWs
│   └── wks
│       ├── awk1
│       ├── django2
│       ├── gh1
│       ├── gits1
│       ├── gits_w1
│       ├── Graphviz1
│       ├── htmls1
│       ├── iots1
│       ├── makes1
│       ├── md1
│       ├── pcm1
│       ├── pdocs1
│       ├── pyBk1_MAstro_1kk
│       ├── pyCores1
│       ├── pytests1
│       ├── py_venv1
│       ├── rst1
│       ├── rst-md-1
│       ├── selm1
│       ├── sphinx1
│       ├── syncFolders_py-wk1
│       ├── veeamTask1
│       └── vim-folds1
├── varm1
├── varroot
└── varu1

58 directories
================== Level 4 /up1/varu/ :
.
├── os1var
├── varau
│   ├── 0tr
│   ├── appsvar
│   │   └── goldendict-home1
│   │       └── index
│   ├── arxvar
│   ├── bups1_loc
│   │   └── unp1
│   │       └── up1
│   ├── danssvar
│   ├── develsvar
│   ├── g1s
│   ├── mesvar
│   ├── mpsvar
│   ├── packsvar
│   ├── prjs
│   │   └── py1
│   │       ├── apps
│   │       ├── bin
│   │       ├── bm1_links
│   │       ├── cases
│   │       ├── docs
│   │       ├── etc
│   │       ├── libs
│   │       ├── tests
│   │       ├── tmp
│   │       ├── utils
│   │       └── wks
│   ├── py1var
│   │   ├── 0pycs
│   │   │   ├── home
│   │   │   ├── up1
│   │   │   └── usr
│   │   └── PycharmProjects
│   │       └── logg1
│   ├── syysvar
│   ├── tests
│   │   ├── CT-TOCs-2023
│   │   ├── d11
│   │   │   └── dxx1
│   │   ├── ev1
│   │   ├── gb12
│   │   ├── gt1
│   │   └── pyd1
│   ├── tmp
│   ├── unp1
│   ├── wgets_DWs
│   └── wks
│       ├── awk1
│       ├── django2
│       │   └── myworld
│       ├── gh1
│       │   ├── gb-actions1
│       │   ├── repo1
│       │   └── syncFolders1
│       ├── gits1
│       │   ├── rp11
│       │   ├── rp22
│       │   └── tr11
│       ├── gits_w1
│       │   └── up1_git
│       ├── Graphviz1
│       ├── htmls1
│       ├── iots1
│       │   └── hass1
│       ├── makes1
│       ├── md1
│       ├── pcm1
│       ├── pdocs1
│       │   ├── docs1_py
│       │   └── sel2
│       ├── pyBk1_MAstro_1kk
│       │   ├── build
│       │   └── source
│       ├── pyCores1
│       │   └── logging1
│       ├── pytests1
│       │   └── .pytest_cache
│       ├── py_venv1
│       │   ├── tut1
│       │   └── tut2
│       ├── rst1
│       │   └── trys1
│       ├── rst-md-1
│       ├── selm1
│       ├── sphinx1
│       │   ├── 0prev
│       │   └── sx-ext1
│       ├── syncFolders_py-wk1
│       ├── veeamTask1
│       │   ├── 1kk
│       │   ├── dirsync1
│       │   ├── MM1
│       │   └── sync2folders1
│       └── vim-folds1
├── varm1
├── varroot
└── varu1

100 directories
#################  /up1/t1/ in 4 tree-levels-formatted : ###################
================== Level 1 /up1/t1/ :
.
├── mms1_P1
├── nps
├── packs
├── sy1
└── t1var

6 directories
================== Level 2 /up1/t1/ :
.
├── mms1_P1
├── nps
│   ├── 0nps2
│   ├── 2So
│   ├── HP13EB_DWs_1p
│   └── SanDisk_USBSoftware-2308
├── packs
│   ├── arx_pk
│   └── win10_pk
├── sy1
│   ├── 1912arx
│   ├── 2004arx
│   ├── 2209arx
│   └── stat_1503ubt_CP
└── t1var
    ├── 00_1kk_var
    ├── 0tr
    ├── ca1_var
    ├── docs_var
    ├── DWs_var
    ├── FTs_1kk_cpd
    ├── L1NW_var
    ├── Langs_var
    ├── MVPs_var
    ├── nps_cpd_var
    └── w2_CPs

27 directories
================== Level 3 /up1/t1/ :
.
├── mms1_P1
├── nps
│   ├── 0nps2
│   │   ├── FTs_1kk-nps1
│   │   ├── MPs_nps1
│   │   └── Vids_1kk-nps1
│   ├── 2So
│   ├── HP13EB_DWs_1p
│   └── SanDisk_USBSoftware-2308
├── packs
│   ├── arx_pk
│   └── win10_pk
├── sy1
│   ├── 1912arx
│   │   ├── 00trr-arx1
│   │   ├── bups
│   │   ├── logs
│   │   └── stat_1912arx
│   ├── 2004arx
│   │   ├── bups
│   │   ├── logs
│   │   └── stat_2004arx
│   ├── 2209arx
│   │   ├── bups
│   │   ├── logs
│   │   └── stat_2209arx
│   └── stat_1503ubt_CP
│       ├── configs
│       ├── HDs_Booties
│       └── HWInfo
└── t1var
    ├── 00_1kk_var
    │   ├── Famy1_var
    │   ├── FMs_var
    │   ├── Inas-var
    │   └── KG1-var
    ├── 0tr
    │   ├── Bios_CMOS1
    │   └── Rad-defekt1
    ├── ca1_var
    ├── docs_var
    │   ├── GitHubDocs
    │   ├── IoTs_docsvar
    │   ├── Lx_docsvar
    │   ├── Py_docsvar
    │   └── Raspis_docsvar
    ├── DWs_var
    │   └── Py_DWs
    ├── FTs_1kk_cpd
    │   ├── 230616-FTs_1kk-nps1_cpd
    │   ├── 230802-Camera_cpd
    │   └── Camera-230814--ebaKA_Umgrabber_Fliessen_1p
    ├── L1NW_var
    ├── Langs_var
    ├── MVPs_var
    ├── nps_cpd_var
    └── w2_CPs

58 directories
================== Level 4 /up1/t1/ :
.
├── mms1_P1
├── nps
│   ├── 0nps2
│   │   ├── FTs_1kk-nps1
│   │   │   ├── 230500-FassadenFarbe-mit-Harz-1Liter-HausAussen-NICHT_benutzt-SilikonHarz-Hornbach
│   │   │   ├── 230500-MeisenKuecken-aus-dem-orangen-Knisthaus
│   │   │   ├── 230802-Meise-auf_1skk_Schulter-kg1
│   │   │   ├── CDPlayer-Mobil-Grundig-preY2000
│   │   │   ├── DiscoLicht-HyperMoon-preY2000
│   │   │   ├── HausHof-kg1_ft
│   │   │   ├── IsfahanKongo
│   │   │   ├── MixerGrosser-JSC-Micro-preY2000
│   │   │   ├── MixerKleinerNeuer-Universum-Quelle-preY2000
│   │   │   └── Zoo1
│   │   ├── MPs_nps1
│   │   │   ├── infs_miscs1_1p
│   │   │   └── PLG0_AZSx_1cu
│   │   └── Vids_1kk-nps1
│   ├── 2So
│   ├── HP13EB_DWs_1p
│   └── SanDisk_USBSoftware-2308
├── packs
│   ├── arx_pk
│   └── win10_pk
├── sy1
│   ├── 1912arx
│   │   ├── 00trr-arx1
│   │   │   └── etc
│   │   ├── bups
│   │   ├── logs
│   │   │   ├── 00Old
│   │   │   └── 00trr
│   │   └── stat_1912arx
│   │       ├── configs
│   │       ├── HDs_Booties
│   │       └── HWInfo
│   ├── 2004arx
│   │   ├── bups
│   │   ├── logs
│   │   │   └── 00olds
│   │   └── stat_2004arx
│   │       ├── configs
│   │       └── HWInfo
│   ├── 2209arx
│   │   ├── bups
│   │   ├── logs
│   │   └── stat_2209arx
│   │       ├── configs
│   │       └── HWs-infs
│   └── stat_1503ubt_CP
│       ├── configs
│       │   └── unp1
│       ├── HDs_Booties
│       └── HWInfo
└── t1var
    ├── 00_1kk_var
    │   ├── Famy1_var
    │   │   └── mandi-safar-230402
    │   ├── FMs_var
    │   ├── Inas-var
    │   └── KG1-var
    ├── 0tr
    │   ├── Bios_CMOS1
    │   └── Rad-defekt1
    ├── ca1_var
    ├── docs_var
    │   ├── GitHubDocs
    │   ├── IoTs_docsvar
    │   ├── Lx_docsvar
    │   │   └── AWK-Refs
    │   ├── Py_docsvar
    │   │   ├── 0-RefDocsVar_py
    │   │   ├── AstroMatt-py3
    │   │   └── sphinx-master
    │   └── Raspis_docsvar
    ├── DWs_var
    │   └── Py_DWs
    ├── FTs_1kk_cpd
    │   ├── 230616-FTs_1kk-nps1_cpd
    │   │   ├── ca1s
    │   │   ├── Camera
    │   │   ├── Famy1_ft
    │   │   ├── IRs
    │   │   └── KG1_ft
    │   ├── 230802-Camera_cpd
    │   └── Camera-230814--ebaKA_Umgrabber_Fliessen_1p
    ├── L1NW_var
    ├── Langs_var
    ├── MVPs_var
    ├── nps_cpd_var
    └── w2_CPs

92 directories
_________________ Trsee-Full-Pathes: _________________________________
______________________________________________________________________

#################  /up1/ in 4 tree-levels-unformatted : #################
================== Level 1 /up1/ :
.
./.cev -> ./.ev13
./etcu
./.ev13
./media
./mesfs
./mnt
./optu -> ./mnt/VARUfs/optu
./prjs
./t1 -> ./mnt/T1fs/t1_RF
./varu -> ./mnt/VARUfs/varu
./w1 -> ./mnt/T1fs/t1_RF/w1_RF

12 directories
================== Level 2 /up1/ :
.
./.cev -> ./.ev13
./etcu
./etcu/1apps-etc
./etcu/1prjs-etc
./etcu/etcau
./etcu/etcg1
./etcu/etcm1
./etcu/etcmd1
./etcu/etcroot
./etcu/etct1
./etcu/etcu1
./.ev13
./.ev13/bin
./.ev13/etc
./media
./media/BUPS1MD1
./media/HDD11
./media/MED1_RF
./media/MPs_RF
./media/MVPs_RF
./media/tx_BP
./media/tx_RF
./mesfs
./mesfs/mesp1
./mesfs/mesp3
./mesfs/mespx
./mnt
./mnt/T1fs
./mnt/VARUfs
./optu -> ./mnt/VARUfs/optu
./prjs
./prjs/py1 -> /up1/varu/varau/prjs/py1
./t1 -> ./mnt/T1fs/t1_RF
./varu -> ./mnt/VARUfs/varu
./w1 -> ./mnt/T1fs/t1_RF/w1_RF

36 directories
================== Level 3 /up1/ :
.
./.cev -> ./.ev13
./etcu
./etcu/1apps-etc
./etcu/1prjs-etc
./etcu/etcau
./etcu/etcau/config
./etcu/etcg1
./etcu/etcm1  [error opening dir]
./etcu/etcmd1  [error opening dir]
./etcu/etcroot
./etcu/etct1
./etcu/etcu1
./.ev13
./.ev13/bin
./.ev13/bin/0more
./.ev13/bin/0tr
./.ev13/etc
./.ev13/etc/0tr
./.ev13/etc/etcd
./.ev13/etc/prjsprof
./.ev13/etc/skels
./media
./media/BUPS1MD1
./media/HDD11
./media/MED1_RF
./media/MPs_RF
./media/MVPs_RF
./media/tx_BP
./media/tx_RF
./mesfs
./mesfs/mesp1  [error opening dir]
./mesfs/mesp3  [error opening dir]
./mesfs/mespx
./mnt
./mnt/T1fs
./mnt/VARUfs
./mnt/VARUfs/home
./mnt/VARUfs/optu
./mnt/VARUfs/varu
./optu -> ./mnt/VARUfs/optu
./prjs
./prjs/py1 -> /up1/varu/varau/prjs/py1
./t1 -> ./mnt/T1fs/t1_RF
./varu -> ./mnt/VARUfs/varu
./w1 -> ./mnt/T1fs/t1_RF/w1_RF

46 directories
================== Level 4 /up1/ :
.
./.cev -> ./.ev13
./etcu
./etcu/1apps-etc
./etcu/1prjs-etc
./etcu/etcau
./etcu/etcau/config
./etcu/etcau/config/xfce4
./etcu/etcg1
./etcu/etcm1  [error opening dir]
./etcu/etcmd1  [error opening dir]
./etcu/etcroot
./etcu/etct1
./etcu/etcu1
./.ev13
./.ev13/bin
./.ev13/bin/0more
./.ev13/bin/0tr
./.ev13/bin/0tr/230425-sedBups-foldingMarkersNew
./.ev13/etc
./.ev13/etc/0tr
./.ev13/etc/etcd
./.ev13/etc/prjsprof
./.ev13/etc/skels
./media
./media/BUPS1MD1
./media/HDD11
./media/MED1_RF
./media/MPs_RF
./media/MVPs_RF
./media/tx_BP
./media/tx_RF
./mesfs
./mesfs/mesp1  [error opening dir]
./mesfs/mesp3  [error opening dir]
./mesfs/mespx
./mnt
./mnt/T1fs
./mnt/VARUfs
./mnt/VARUfs/home
./mnt/VARUfs/home/g1
./mnt/VARUfs/home/m1
./mnt/VARUfs/home/r1
./mnt/VARUfs/home/t1
./mnt/VARUfs/home/u1
./mnt/VARUfs/optu
./mnt/VARUfs/varu
./mnt/VARUfs/varu/os1var
./mnt/VARUfs/varu/varau
./mnt/VARUfs/varu/varm1
./mnt/VARUfs/varu/varroot
./mnt/VARUfs/varu/varu1
./optu -> ./mnt/VARUfs/optu
./prjs
./prjs/py1 -> /up1/varu/varau/prjs/py1
./t1 -> ./mnt/T1fs/t1_RF
./varu -> ./mnt/VARUfs/varu
./w1 -> ./mnt/T1fs/t1_RF/w1_RF

58 directories
#################  /up1/varu/ in 4 tree-levels-unformatted : #################
================== Level 1 /up1/varu/ :
.
./os1var
./varau
./varm1
./varroot
./varu1

6 directories
================== Level 2 /up1/varu/ :
.
./os1var
./varau
./varau/0tr
./varau/appsvar
./varau/arxvar
./varau/bups1_loc
./varau/danssvar
./varau/develsvar
./varau/g1s
./varau/mesvar
./varau/mpsvar
./varau/packsvar
./varau/prjs
./varau/py1var
./varau/syysvar
./varau/tests
./varau/tmp
./varau/unp1
./varau/wgets_DWs
./varau/wks
./varm1
./varroot
./varu1

24 directories
================== Level 3 /up1/varu/ :
.
./os1var
./varau
./varau/0tr
./varau/appsvar
./varau/appsvar/goldendict-home1
./varau/arxvar
./varau/bups1_loc
./varau/bups1_loc/unp1
./varau/danssvar
./varau/develsvar
./varau/g1s
./varau/mesvar
./varau/mpsvar
./varau/packsvar
./varau/prjs
./varau/prjs/py1
./varau/py1var
./varau/py1var/0pycs
./varau/py1var/PycharmProjects
./varau/syysvar
./varau/tests
./varau/tests/CT-TOCs-2023
./varau/tests/d11
./varau/tests/ev1
./varau/tests/gb12
./varau/tests/gt1
./varau/tests/pyd1
./varau/tmp
./varau/unp1
./varau/wgets_DWs
./varau/wks
./varau/wks/awk1
./varau/wks/django2
./varau/wks/gh1
./varau/wks/gits1
./varau/wks/gits_w1
./varau/wks/Graphviz1
./varau/wks/htmls1
./varau/wks/iots1
./varau/wks/makes1
./varau/wks/md1
./varau/wks/pcm1
./varau/wks/pdocs1
./varau/wks/pyBk1_MAstro_1kk
./varau/wks/pyCores1
./varau/wks/pytests1
./varau/wks/py_venv1
./varau/wks/rst1
./varau/wks/rst-md-1
./varau/wks/selm1
./varau/wks/sphinx1
./varau/wks/syncFolders_py-wk1
./varau/wks/veeamTask1
./varau/wks/vim-folds1
./varm1
./varroot
./varu1

58 directories
================== Level 4 /up1/varu/ :
.
./os1var
./varau
./varau/0tr
./varau/appsvar
./varau/appsvar/goldendict-home1
./varau/appsvar/goldendict-home1/index
./varau/arxvar
./varau/bups1_loc
./varau/bups1_loc/unp1
./varau/bups1_loc/unp1/up1
./varau/danssvar
./varau/develsvar
./varau/g1s
./varau/mesvar
./varau/mpsvar
./varau/packsvar
./varau/prjs
./varau/prjs/py1
./varau/prjs/py1/apps
./varau/prjs/py1/bin
./varau/prjs/py1/bm1_links
./varau/prjs/py1/cases
./varau/prjs/py1/docs
./varau/prjs/py1/etc
./varau/prjs/py1/libs
./varau/prjs/py1/tests
./varau/prjs/py1/tmp
./varau/prjs/py1/utils
./varau/prjs/py1/wks
./varau/py1var
./varau/py1var/0pycs
./varau/py1var/0pycs/home
./varau/py1var/0pycs/up1
./varau/py1var/0pycs/usr
./varau/py1var/PycharmProjects
./varau/py1var/PycharmProjects/logg1
./varau/syysvar
./varau/tests
./varau/tests/CT-TOCs-2023
./varau/tests/d11
./varau/tests/d11/dxx1
./varau/tests/ev1
./varau/tests/gb12
./varau/tests/gt1
./varau/tests/pyd1
./varau/tmp
./varau/unp1
./varau/wgets_DWs
./varau/wks
./varau/wks/awk1
./varau/wks/django2
./varau/wks/django2/myworld
./varau/wks/gh1
./varau/wks/gh1/gb-actions1
./varau/wks/gh1/repo1
./varau/wks/gh1/syncFolders1
./varau/wks/gits1
./varau/wks/gits1/rp11
./varau/wks/gits1/rp22
./varau/wks/gits1/tr11
./varau/wks/gits_w1
./varau/wks/gits_w1/up1_git
./varau/wks/Graphviz1
./varau/wks/htmls1
./varau/wks/iots1
./varau/wks/iots1/hass1
./varau/wks/makes1
./varau/wks/md1
./varau/wks/pcm1
./varau/wks/pdocs1
./varau/wks/pdocs1/docs1_py
./varau/wks/pdocs1/sel2
./varau/wks/pyBk1_MAstro_1kk
./varau/wks/pyBk1_MAstro_1kk/build
./varau/wks/pyBk1_MAstro_1kk/source
./varau/wks/pyCores1
./varau/wks/pyCores1/logging1
./varau/wks/pytests1
./varau/wks/pytests1/.pytest_cache
./varau/wks/py_venv1
./varau/wks/py_venv1/tut1
./varau/wks/py_venv1/tut2
./varau/wks/rst1
./varau/wks/rst1/trys1
./varau/wks/rst-md-1
./varau/wks/selm1
./varau/wks/sphinx1
./varau/wks/sphinx1/0prev
./varau/wks/sphinx1/sx-ext1
./varau/wks/syncFolders_py-wk1
./varau/wks/veeamTask1
./varau/wks/veeamTask1/1kk
./varau/wks/veeamTask1/dirsync1
./varau/wks/veeamTask1/MM1
./varau/wks/veeamTask1/sync2folders1
./varau/wks/vim-folds1
./varm1
./varroot
./varu1

100 directories
#################  /up1/t1/ in 4 tree-levels-unformatted : #################
================== Level 1 /up1/t1/ :
.
./mms1_P1
./nps
./packs
./sy1
./t1var

6 directories
================== Level 2 /up1/t1/ :
.
./mms1_P1
./nps
./nps/0nps2
./nps/2So
./nps/HP13EB_DWs_1p
./nps/SanDisk_USBSoftware-2308
./packs
./packs/arx_pk
./packs/win10_pk
./sy1
./sy1/1912arx
./sy1/2004arx
./sy1/2209arx
./sy1/stat_1503ubt_CP
./t1var
./t1var/00_1kk_var
./t1var/0tr
./t1var/ca1_var
./t1var/docs_var
./t1var/DWs_var
./t1var/FTs_1kk_cpd
./t1var/L1NW_var
./t1var/Langs_var
./t1var/MVPs_var
./t1var/nps_cpd_var
./t1var/w2_CPs

27 directories
================== Level 3 /up1/t1/ :
.
./mms1_P1
./nps
./nps/0nps2
./nps/0nps2/FTs_1kk-nps1
./nps/0nps2/MPs_nps1
./nps/0nps2/Vids_1kk-nps1
./nps/2So
./nps/HP13EB_DWs_1p
./nps/SanDisk_USBSoftware-2308
./packs
./packs/arx_pk
./packs/win10_pk
./sy1
./sy1/1912arx
./sy1/1912arx/00trr-arx1
./sy1/1912arx/bups
./sy1/1912arx/logs
./sy1/1912arx/stat_1912arx
./sy1/2004arx
./sy1/2004arx/bups
./sy1/2004arx/logs
./sy1/2004arx/stat_2004arx
./sy1/2209arx
./sy1/2209arx/bups
./sy1/2209arx/logs
./sy1/2209arx/stat_2209arx
./sy1/stat_1503ubt_CP
./sy1/stat_1503ubt_CP/configs
./sy1/stat_1503ubt_CP/HDs_Booties
./sy1/stat_1503ubt_CP/HWInfo
./t1var
./t1var/00_1kk_var
./t1var/00_1kk_var/Famy1_var
./t1var/00_1kk_var/FMs_var
./t1var/00_1kk_var/Inas-var
./t1var/00_1kk_var/KG1-var
./t1var/0tr
./t1var/0tr/Bios_CMOS1
./t1var/0tr/Rad-defekt1
./t1var/ca1_var
./t1var/docs_var
./t1var/docs_var/GitHubDocs
./t1var/docs_var/IoTs_docsvar
./t1var/docs_var/Lx_docsvar
./t1var/docs_var/Py_docsvar
./t1var/docs_var/Raspis_docsvar
./t1var/DWs_var
./t1var/DWs_var/Py_DWs
./t1var/FTs_1kk_cpd
./t1var/FTs_1kk_cpd/230616-FTs_1kk-nps1_cpd
./t1var/FTs_1kk_cpd/230802-Camera_cpd
./t1var/FTs_1kk_cpd/Camera-230814--ebaKA_Umgrabber_Fliessen_1p
./t1var/L1NW_var
./t1var/Langs_var
./t1var/MVPs_var
./t1var/nps_cpd_var
./t1var/w2_CPs

58 directories
================== Level 4 /up1/t1/ :
.
./mms1_P1
./nps
./nps/0nps2
./nps/0nps2/FTs_1kk-nps1
./nps/0nps2/FTs_1kk-nps1/230500-FassadenFarbe-mit-Harz-1Liter-HausAussen-NICHT_benutzt-SilikonHarz-Hornbach
./nps/0nps2/FTs_1kk-nps1/230500-MeisenKuecken-aus-dem-orangen-Knisthaus
./nps/0nps2/FTs_1kk-nps1/230802-Meise-auf_1skk_Schulter-kg1
./nps/0nps2/FTs_1kk-nps1/CDPlayer-Mobil-Grundig-preY2000
./nps/0nps2/FTs_1kk-nps1/DiscoLicht-HyperMoon-preY2000
./nps/0nps2/FTs_1kk-nps1/HausHof-kg1_ft
./nps/0nps2/FTs_1kk-nps1/IsfahanKongo
./nps/0nps2/FTs_1kk-nps1/MixerGrosser-JSC-Micro-preY2000
./nps/0nps2/FTs_1kk-nps1/MixerKleinerNeuer-Universum-Quelle-preY2000
./nps/0nps2/FTs_1kk-nps1/Zoo1
./nps/0nps2/MPs_nps1
./nps/0nps2/MPs_nps1/infs_miscs1_1p
./nps/0nps2/MPs_nps1/PLG0_AZSx_1cu
./nps/0nps2/Vids_1kk-nps1
./nps/2So
./nps/HP13EB_DWs_1p
./nps/SanDisk_USBSoftware-2308
./packs
./packs/arx_pk
./packs/win10_pk
./sy1
./sy1/1912arx
./sy1/1912arx/00trr-arx1
./sy1/1912arx/00trr-arx1/etc
./sy1/1912arx/bups
./sy1/1912arx/logs
./sy1/1912arx/logs/00Old
./sy1/1912arx/logs/00trr
./sy1/1912arx/stat_1912arx
./sy1/1912arx/stat_1912arx/configs
./sy1/1912arx/stat_1912arx/HDs_Booties
./sy1/1912arx/stat_1912arx/HWInfo
./sy1/2004arx
./sy1/2004arx/bups
./sy1/2004arx/logs
./sy1/2004arx/logs/00olds
./sy1/2004arx/stat_2004arx
./sy1/2004arx/stat_2004arx/configs
./sy1/2004arx/stat_2004arx/HWInfo
./sy1/2209arx
./sy1/2209arx/bups
./sy1/2209arx/logs
./sy1/2209arx/stat_2209arx
./sy1/2209arx/stat_2209arx/configs
./sy1/2209arx/stat_2209arx/HWs-infs
./sy1/stat_1503ubt_CP
./sy1/stat_1503ubt_CP/configs
./sy1/stat_1503ubt_CP/configs/unp1
./sy1/stat_1503ubt_CP/HDs_Booties
./sy1/stat_1503ubt_CP/HWInfo
./t1var
./t1var/00_1kk_var
./t1var/00_1kk_var/Famy1_var
./t1var/00_1kk_var/Famy1_var/mandi-safar-230402
./t1var/00_1kk_var/FMs_var
./t1var/00_1kk_var/Inas-var
./t1var/00_1kk_var/KG1-var
./t1var/0tr
./t1var/0tr/Bios_CMOS1
./t1var/0tr/Rad-defekt1
./t1var/ca1_var
./t1var/docs_var
./t1var/docs_var/GitHubDocs
./t1var/docs_var/IoTs_docsvar
./t1var/docs_var/Lx_docsvar
./t1var/docs_var/Lx_docsvar/AWK-Refs
./t1var/docs_var/Py_docsvar
./t1var/docs_var/Py_docsvar/0-RefDocsVar_py
./t1var/docs_var/Py_docsvar/AstroMatt-py3
./t1var/docs_var/Py_docsvar/sphinx-master
./t1var/docs_var/Raspis_docsvar
./t1var/DWs_var
./t1var/DWs_var/Py_DWs
./t1var/FTs_1kk_cpd
./t1var/FTs_1kk_cpd/230616-FTs_1kk-nps1_cpd
./t1var/FTs_1kk_cpd/230616-FTs_1kk-nps1_cpd/ca1s
./t1var/FTs_1kk_cpd/230616-FTs_1kk-nps1_cpd/Camera
./t1var/FTs_1kk_cpd/230616-FTs_1kk-nps1_cpd/Famy1_ft
./t1var/FTs_1kk_cpd/230616-FTs_1kk-nps1_cpd/IRs
./t1var/FTs_1kk_cpd/230616-FTs_1kk-nps1_cpd/KG1_ft
./t1var/FTs_1kk_cpd/230802-Camera_cpd
./t1var/FTs_1kk_cpd/Camera-230814--ebaKA_Umgrabber_Fliessen_1p
./t1var/L1NW_var
./t1var/Langs_var
./t1var/MVPs_var
./t1var/nps_cpd_var
./t1var/w2_CPs

92 directories
_________________ find-Full-Pathes of Dirs: find -type d _____________
______________________________________________________________________

#################  find /up1/   /up1/varu/   /up1/t1/  -type d : raw : ##################
------ commented out: find /up1/   /up1/varu/   /up1/t1/  -type d 
